@!@!@STARTMSG 2262:0 @!@!@
TLC2 Version 2.14 of 10 July 2019
@!@!@ENDMSG 2262 @!@!@
@!@!@STARTMSG 2187:0 @!@!@
Running breadth-first search Model-Checking with fp 35 and seed -6649760012365015416 with 4 workers on 8 cores with 3502MB heap and 64MB offheap memory [pid: 8940] (Linux 4.15.0-1056-oem amd64, AdoptOpenJDK 11.0.3 x86_64, NoopFPSet, DiskStateQueue).
@!@!@ENDMSG 2187 @!@!@
@!@!@STARTMSG 2220:0 @!@!@
Starting SANY...
@!@!@ENDMSG 2220 @!@!@
Parsing file /home/tom/work/practical-tla-plus-workspace/main_linkedlists.toolbox/Model_1/MC.tla
Parsing file /home/tom/work/practical-tla-plus-workspace/main_linkedlists.toolbox/Model_1/main_linkedlists.tla
Parsing file /home/tom/tla+ 1.6.0 toolbox/plugins/org.lamport.tlatools_1.0.0.201907102009/tla2sany/StandardModules/TLC.tla
Parsing file /home/tom/tla+ 1.6.0 toolbox/plugins/org.lamport.tlatools_1.0.0.201907102009/tla2sany/StandardModules/Integers.tla
Parsing file /home/tom/tla+ 1.6.0 toolbox/plugins/org.lamport.tlatools_1.0.0.201907102009/tla2sany/StandardModules/FiniteSets.tla
Parsing file /home/tom/tla+ 1.6.0 toolbox/plugins/org.lamport.tlatools_1.0.0.201907102009/tla2sany/StandardModules/Sequences.tla
Parsing file /home/tom/tla+ 1.6.0 toolbox/plugins/org.lamport.tlatools_1.0.0.201907102009/tla2sany/StandardModules/Naturals.tla
Parsing file /home/tom/work/practical-tla-plus-workspace/main_linkedlists.toolbox/Model_1/LinkedLists.tla
Semantic processing of module Naturals
Semantic processing of module Sequences
Semantic processing of module FiniteSets
Semantic processing of module TLC
Semantic processing of module Integers
Semantic processing of module LinkedLists
Semantic processing of module main_linkedlists
Semantic processing of module MC
@!@!@STARTMSG 2219:0 @!@!@
SANY finished.
@!@!@ENDMSG 2219 @!@!@
@!@!@STARTMSG 2185:0 @!@!@
Starting... (2019-09-19 19:27:03)
@!@!@ENDMSG 2185 @!@!@
@!@!@STARTMSG 2105:1 @!@!@
Evaluating assumption line 20, col 8 to line 20, col 65 of module MC failed.
@!@!@STARTMSG 2132:0 @!@!@
The first argument of Assert evaluated to FALSE; the second argument was:
<<"There should be some LL without a cycle">>
@!@!@ENDMSG 2132 @!@!@
@!@!@ENDMSG 2105 @!@!@
@!@!@STARTMSG 2186:0 @!@!@
Finished in 855ms at (2019-09-19 19:27:04)
@!@!@ENDMSG 2186 @!@!@
