@!@!@STARTMSG 2262:0 @!@!@
TLC2 Version 2.14 of 10 July 2019
@!@!@ENDMSG 2262 @!@!@
@!@!@STARTMSG 2187:0 @!@!@
Running breadth-first search Model-Checking with fp 52 and seed 8462518379620837608 with 4 workers on 8 cores with 1168MB heap and 2625MB offheap memory [pid: 3017] (Linux 4.15.0-1050-oem amd64, AdoptOpenJDK 11.0.3 x86_64, OffHeapDiskFPSet, DiskStateQueue).
@!@!@ENDMSG 2187 @!@!@
@!@!@STARTMSG 2220:0 @!@!@
Starting SANY...
@!@!@ENDMSG 2220 @!@!@
Parsing file /home/tom/work/practical-tla-plus-workspace/message_queue.toolbox/Model_1/MC.tla
Parsing file /home/tom/work/practical-tla-plus-workspace/message_queue.toolbox/Model_1/message_queue.tla
Parsing file /home/tom/tla+ 1.6.0 toolbox/plugins/org.lamport.tlatools_1.0.0.201907102009/tla2sany/StandardModules/TLC.tla
Parsing file /home/tom/tla+ 1.6.0 toolbox/plugins/org.lamport.tlatools_1.0.0.201907102009/tla2sany/StandardModules/Integers.tla
Parsing file /home/tom/tla+ 1.6.0 toolbox/plugins/org.lamport.tlatools_1.0.0.201907102009/tla2sany/StandardModules/Sequences.tla
Parsing file /home/tom/tla+ 1.6.0 toolbox/plugins/org.lamport.tlatools_1.0.0.201907102009/tla2sany/StandardModules/Naturals.tla
Parsing file /home/tom/tla+ 1.6.0 toolbox/plugins/org.lamport.tlatools_1.0.0.201907102009/tla2sany/StandardModules/FiniteSets.tla
Semantic processing of module Naturals
Semantic processing of module Sequences
Semantic processing of module FiniteSets
Semantic processing of module TLC
Semantic processing of module Integers
Semantic processing of module message_queue
Semantic processing of module MC
@!@!@STARTMSG 2219:0 @!@!@
SANY finished.
@!@!@ENDMSG 2219 @!@!@
@!@!@STARTMSG 2185:0 @!@!@
Starting... (2019-09-08 15:52:11)
@!@!@ENDMSG 2185 @!@!@
@!@!@STARTMSG 2189:0 @!@!@
Computing initial states...
@!@!@ENDMSG 2189 @!@!@
@!@!@STARTMSG 2190:0 @!@!@
Finished computing initial states: 1 distinct state generated at 2019-09-08 15:52:12.
@!@!@ENDMSG 2190 @!@!@
@!@!@STARTMSG 2114:1 @!@!@
Deadlock reached.
@!@!@ENDMSG 2114 @!@!@
@!@!@STARTMSG 2121:1 @!@!@
The behavior up to this point is:
@!@!@ENDMSG 2121 @!@!@
@!@!@STARTMSG 2217:4 @!@!@
1: <Initial predicate>
/\ val = [writer |-> "", r1 |-> "", r2 |-> ""]
/\ stack = [writer |-> <<>>, r1 |-> <<>>, r2 |-> <<>>]
/\ current_message = [r1 |-> "none", r2 |-> "none"]
/\ pc = [writer |-> "Write", r1 |-> "Read", r2 |-> "Read"]
/\ queue = <<>>

@!@!@ENDMSG 2217 @!@!@
@!@!@STARTMSG 2217:4 @!@!@
2: <Write line 78, col 10 to line 85, col 50 of module message_queue>
/\ val = [writer |-> "msg", r1 |-> "", r2 |-> ""]
/\ stack = [ writer |-> <<[pc |-> "Write", val |-> "", procedure |-> "add_to_queue"]>>,
  r1 |-> <<>>,
  r2 |-> <<>> ]
/\ current_message = [r1 |-> "none", r2 |-> "none"]
/\ pc = [writer |-> "Add", r1 |-> "Read", r2 |-> "Read"]
/\ queue = <<>>

@!@!@ENDMSG 2217 @!@!@
@!@!@STARTMSG 2217:4 @!@!@
3: <Add line 68, col 14 to line 74, col 41 of module message_queue>
/\ val = [writer |-> "", r1 |-> "", r2 |-> ""]
/\ stack = [writer |-> <<>>, r1 |-> <<>>, r2 |-> <<>>]
/\ current_message = [r1 |-> "none", r2 |-> "none"]
/\ pc = [writer |-> "Write", r1 |-> "Read", r2 |-> "Read"]
/\ queue = <<"msg">>

@!@!@ENDMSG 2217 @!@!@
@!@!@STARTMSG 2217:4 @!@!@
4: <Write line 78, col 10 to line 85, col 50 of module message_queue>
/\ val = [writer |-> "msg", r1 |-> "", r2 |-> ""]
/\ stack = [ writer |-> <<[pc |-> "Write", val |-> "", procedure |-> "add_to_queue"]>>,
  r1 |-> <<>>,
  r2 |-> <<>> ]
/\ current_message = [r1 |-> "none", r2 |-> "none"]
/\ pc = [writer |-> "Add", r1 |-> "Read", r2 |-> "Read"]
/\ queue = <<"msg">>

@!@!@ENDMSG 2217 @!@!@
@!@!@STARTMSG 2217:4 @!@!@
5: <Add line 68, col 14 to line 74, col 41 of module message_queue>
/\ val = [writer |-> "", r1 |-> "", r2 |-> ""]
/\ stack = [writer |-> <<>>, r1 |-> <<>>, r2 |-> <<>>]
/\ current_message = [r1 |-> "none", r2 |-> "none"]
/\ pc = [writer |-> "Write", r1 |-> "Read", r2 |-> "Read"]
/\ queue = <<"msg", "msg">>

@!@!@ENDMSG 2217 @!@!@
@!@!@STARTMSG 2217:4 @!@!@
6: <Write line 78, col 10 to line 85, col 50 of module message_queue>
/\ val = [writer |-> "msg", r1 |-> "", r2 |-> ""]
/\ stack = [ writer |-> <<[pc |-> "Write", val |-> "", procedure |-> "add_to_queue"]>>,
  r1 |-> <<>>,
  r2 |-> <<>> ]
/\ current_message = [r1 |-> "none", r2 |-> "none"]
/\ pc = [writer |-> "Add", r1 |-> "Read", r2 |-> "Read"]
/\ queue = <<"msg", "msg">>

@!@!@ENDMSG 2217 @!@!@
@!@!@STARTMSG 2217:4 @!@!@
7: <Read line 89, col 15 to line 96, col 43 of module message_queue>
/\ val = [writer |-> "msg", r1 |-> "", r2 |-> ""]
/\ stack = [ writer |-> <<[pc |-> "Write", val |-> "", procedure |-> "add_to_queue"]>>,
  r1 |-> <<>>,
  r2 |-> <<>> ]
/\ current_message = [r1 |-> "msg", r2 |-> "none"]
/\ pc = [writer |-> "Add", r1 |-> "NotifyFailure", r2 |-> "Read"]
/\ queue = <<"msg">>

@!@!@ENDMSG 2217 @!@!@
@!@!@STARTMSG 2217:4 @!@!@
8: <Add line 68, col 14 to line 74, col 41 of module message_queue>
/\ val = [writer |-> "", r1 |-> "", r2 |-> ""]
/\ stack = [writer |-> <<>>, r1 |-> <<>>, r2 |-> <<>>]
/\ current_message = [r1 |-> "msg", r2 |-> "none"]
/\ pc = [writer |-> "Write", r1 |-> "NotifyFailure", r2 |-> "Read"]
/\ queue = <<"msg", "msg">>

@!@!@ENDMSG 2217 @!@!@
@!@!@STARTMSG 2217:4 @!@!@
9: <Write line 78, col 10 to line 85, col 50 of module message_queue>
/\ val = [writer |-> "msg", r1 |-> "", r2 |-> ""]
/\ stack = [ writer |-> <<[pc |-> "Write", val |-> "", procedure |-> "add_to_queue"]>>,
  r1 |-> <<>>,
  r2 |-> <<>> ]
/\ current_message = [r1 |-> "msg", r2 |-> "none"]
/\ pc = [writer |-> "Add", r1 |-> "NotifyFailure", r2 |-> "Read"]
/\ queue = <<"msg", "msg">>

@!@!@ENDMSG 2217 @!@!@
@!@!@STARTMSG 2217:4 @!@!@
10: <NotifyFailure line 98, col 24 to line 106, col 40 of module message_queue>
/\ val = [writer |-> "msg", r1 |-> "r1", r2 |-> ""]
/\ stack = [ writer |-> <<[pc |-> "Write", val |-> "", procedure |-> "add_to_queue"]>>,
  r1 |-> <<[pc |-> "Read", val |-> "", procedure |-> "add_to_queue"]>>,
  r2 |-> <<>> ]
/\ current_message = [r1 |-> "none", r2 |-> "none"]
/\ pc = [writer |-> "Add", r1 |-> "Add", r2 |-> "Read"]
/\ queue = <<"msg", "msg">>

@!@!@ENDMSG 2217 @!@!@
@!@!@STARTMSG 2217:4 @!@!@
11: <Read line 89, col 15 to line 96, col 43 of module message_queue>
/\ val = [writer |-> "msg", r1 |-> "r1", r2 |-> ""]
/\ stack = [ writer |-> <<[pc |-> "Write", val |-> "", procedure |-> "add_to_queue"]>>,
  r1 |-> <<[pc |-> "Read", val |-> "", procedure |-> "add_to_queue"]>>,
  r2 |-> <<>> ]
/\ current_message = [r1 |-> "none", r2 |-> "msg"]
/\ pc = [writer |-> "Add", r1 |-> "Add", r2 |-> "NotifyFailure"]
/\ queue = <<"msg">>

@!@!@ENDMSG 2217 @!@!@
@!@!@STARTMSG 2217:4 @!@!@
12: <Add line 68, col 14 to line 74, col 41 of module message_queue>
/\ val = [writer |-> "", r1 |-> "r1", r2 |-> ""]
/\ stack = [ writer |-> <<>>,
  r1 |-> <<[pc |-> "Read", val |-> "", procedure |-> "add_to_queue"]>>,
  r2 |-> <<>> ]
/\ current_message = [r1 |-> "none", r2 |-> "msg"]
/\ pc = [writer |-> "Write", r1 |-> "Add", r2 |-> "NotifyFailure"]
/\ queue = <<"msg", "msg">>

@!@!@ENDMSG 2217 @!@!@
@!@!@STARTMSG 2217:4 @!@!@
13: <Write line 78, col 10 to line 85, col 50 of module message_queue>
/\ val = [writer |-> "msg", r1 |-> "r1", r2 |-> ""]
/\ stack = [ writer |-> <<[pc |-> "Write", val |-> "", procedure |-> "add_to_queue"]>>,
  r1 |-> <<[pc |-> "Read", val |-> "", procedure |-> "add_to_queue"]>>,
  r2 |-> <<>> ]
/\ current_message = [r1 |-> "none", r2 |-> "msg"]
/\ pc = [writer |-> "Add", r1 |-> "Add", r2 |-> "NotifyFailure"]
/\ queue = <<"msg", "msg">>

@!@!@ENDMSG 2217 @!@!@
@!@!@STARTMSG 2217:4 @!@!@
14: <NotifyFailure line 98, col 24 to line 106, col 40 of module message_queue>
/\ val = [writer |-> "msg", r1 |-> "r1", r2 |-> "r2"]
/\ stack = [ writer |-> <<[pc |-> "Write", val |-> "", procedure |-> "add_to_queue"]>>,
  r1 |-> <<[pc |-> "Read", val |-> "", procedure |-> "add_to_queue"]>>,
  r2 |-> <<[pc |-> "Read", val |-> "", procedure |-> "add_to_queue"]>> ]
/\ current_message = [r1 |-> "none", r2 |-> "none"]
/\ pc = [writer |-> "Add", r1 |-> "Add", r2 |-> "Add"]
/\ queue = <<"msg", "msg">>

@!@!@ENDMSG 2217 @!@!@
@!@!@STARTMSG 2201:0 @!@!@
The coverage statistics at 2019-09-08 15:52:12
@!@!@ENDMSG 2201 @!@!@
@!@!@STARTMSG 2773:0 @!@!@
<Init line 58, col 1 to line 58, col 4 of module message_queue>: 2:2
@!@!@ENDMSG 2773 @!@!@
@!@!@STARTMSG 2221:0 @!@!@
  line 59, col 9 to line 66, col 75 of module message_queue: 2
@!@!@ENDMSG 2221 @!@!@
@!@!@STARTMSG 2772:0 @!@!@
<Add line 68, col 1 to line 68, col 9 of module message_queue>: 143:226
@!@!@ENDMSG 2772 @!@!@
@!@!@STARTMSG 2221:0 @!@!@
  line 68, col 17 to line 68, col 32 of module message_queue: 1514
@!@!@ENDMSG 2221 @!@!@
@!@!@STARTMSG 2221:0 @!@!@
  |line 68, col 17 to line 68, col 24 of module message_queue: 1288
@!@!@ENDMSG 2221 @!@!@
@!@!@STARTMSG 2221:0 @!@!@
  line 69, col 17 to line 69, col 41 of module message_queue: 226
@!@!@ENDMSG 2221 @!@!@
@!@!@STARTMSG 2221:0 @!@!@
  |line 69, col 17 to line 69, col 26 of module message_queue: 310
@!@!@ENDMSG 2221 @!@!@
@!@!@STARTMSG 2221:0 @!@!@
  |line 69, col 30 to line 69, col 41 of module message_queue: 310
@!@!@ENDMSG 2221 @!@!@
@!@!@STARTMSG 2221:0 @!@!@
  line 70, col 17 to line 70, col 49 of module message_queue: 226
@!@!@ENDMSG 2221 @!@!@
@!@!@STARTMSG 2221:0 @!@!@
  line 71, col 17 to line 71, col 64 of module message_queue: 226
@!@!@ENDMSG 2221 @!@!@
@!@!@STARTMSG 2221:0 @!@!@
  line 72, col 17 to line 72, col 67 of module message_queue: 226
@!@!@ENDMSG 2221 @!@!@
@!@!@STARTMSG 2221:0 @!@!@
  line 73, col 17 to line 73, col 67 of module message_queue: 226
@!@!@ENDMSG 2221 @!@!@
@!@!@STARTMSG 2221:0 @!@!@
  line 74, col 17 to line 74, col 41 of module message_queue: 226
@!@!@ENDMSG 2221 @!@!@
@!@!@STARTMSG 2772:0 @!@!@
<Write line 78, col 1 to line 78, col 5 of module message_queue>: 62:243
@!@!@ENDMSG 2772 @!@!@
@!@!@STARTMSG 2221:0 @!@!@
  line 78, col 13 to line 78, col 34 of module message_queue: 680
@!@!@ENDMSG 2221 @!@!@
@!@!@STARTMSG 2221:0 @!@!@
  |line 78, col 13 to line 78, col 24 of module message_queue: 437
@!@!@ENDMSG 2221 @!@!@
@!@!@STARTMSG 2221:0 @!@!@
  line 79, col 13 to line 83, col 54 of module message_queue: 243
@!@!@ENDMSG 2221 @!@!@
@!@!@STARTMSG 2221:0 @!@!@
  line 84, col 13 to line 84, col 49 of module message_queue: 243
@!@!@ENDMSG 2221 @!@!@
@!@!@STARTMSG 2221:0 @!@!@
  line 85, col 13 to line 85, col 50 of module message_queue: 243
@!@!@ENDMSG 2221 @!@!@
@!@!@STARTMSG 2772:0 @!@!@
<Read line 89, col 1 to line 89, col 10 of module message_queue>: 247:754
@!@!@ENDMSG 2772 @!@!@
@!@!@STARTMSG 2221:0 @!@!@
  line 89, col 18 to line 89, col 34 of module message_queue: 1231
@!@!@ENDMSG 2221 @!@!@
@!@!@STARTMSG 2221:0 @!@!@
  |line 89, col 18 to line 89, col 25 of module message_queue: 854
@!@!@ENDMSG 2221 @!@!@
@!@!@STARTMSG 2221:0 @!@!@
  line 90, col 18 to line 90, col 30 of module message_queue: 866
@!@!@ENDMSG 2221 @!@!@
@!@!@STARTMSG 2221:0 @!@!@
  |line 90, col 18 to line 90, col 22 of module message_queue: 489
@!@!@ENDMSG 2221 @!@!@
@!@!@STARTMSG 2221:0 @!@!@
  |line 90, col 27 to line 90, col 30 of module message_queue: 489
@!@!@ENDMSG 2221 @!@!@
@!@!@STARTMSG 2221:0 @!@!@
  line 91, col 18 to line 91, col 82 of module message_queue: 377
@!@!@ENDMSG 2221 @!@!@
@!@!@STARTMSG 2221:0 @!@!@
  line 92, col 18 to line 92, col 37 of module message_queue: 377
@!@!@ENDMSG 2221 @!@!@
@!@!@STARTMSG 2221:0 @!@!@
  line 93, col 18 to line 95, col 66 of module message_queue: 377
@!@!@ENDMSG 2221 @!@!@
@!@!@STARTMSG 2221:0 @!@!@
  line 96, col 18 to line 96, col 43 of module message_queue: 754
@!@!@ENDMSG 2221 @!@!@
@!@!@STARTMSG 2772:0 @!@!@
<NotifyFailure line 98, col 1 to line 98, col 19 of module message_queue>: 87:249
@!@!@ENDMSG 2772 @!@!@
@!@!@STARTMSG 2221:0 @!@!@
  line 98, col 27 to line 98, col 52 of module message_queue: 1101
@!@!@ENDMSG 2221 @!@!@
@!@!@STARTMSG 2221:0 @!@!@
  |line 98, col 27 to line 98, col 34 of module message_queue: 852
@!@!@ENDMSG 2221 @!@!@
@!@!@STARTMSG 2221:0 @!@!@
  line 99, col 27 to line 99, col 86 of module message_queue: 249
@!@!@ENDMSG 2221 @!@!@
@!@!@STARTMSG 2221:0 @!@!@
  line 100, col 27 to line 104, col 63 of module message_queue: 249
@!@!@ENDMSG 2221 @!@!@
@!@!@STARTMSG 2221:0 @!@!@
  line 105, col 27 to line 105, col 59 of module message_queue: 249
@!@!@ENDMSG 2221 @!@!@
@!@!@STARTMSG 2221:0 @!@!@
  line 106, col 27 to line 106, col 40 of module message_queue: 249
@!@!@ENDMSG 2221 @!@!@
@!@!@STARTMSG 2774:0 @!@!@
<BoundedQueue line 50, col 1 to line 50, col 12 of module message_queue>
@!@!@ENDMSG 2774 @!@!@
@!@!@STARTMSG 2221:0 @!@!@
  line 50, col 17 to line 50, col 42 of module message_queue: 540
@!@!@ENDMSG 2221 @!@!@
@!@!@STARTMSG 2202:0 @!@!@
End of statistics.
@!@!@ENDMSG 2202 @!@!@
@!@!@STARTMSG 2200:0 @!@!@
Progress(15) at 2019-09-08 15:52:12: 1,458 states generated (70,662 s/min), 540 distinct states found (26,171 ds/min), 116 states left on queue.
@!@!@ENDMSG 2200 @!@!@
@!@!@STARTMSG 2199:0 @!@!@
1458 states generated, 540 distinct states found, 116 states left on queue.
@!@!@ENDMSG 2199 @!@!@
@!@!@STARTMSG 2194:0 @!@!@
The depth of the complete state graph search is 15.
@!@!@ENDMSG 2194 @!@!@
@!@!@STARTMSG 2268:0 @!@!@
The average outdegree of the complete state graph is 1 (minimum is 0, the maximum 5 and the 95th percentile is 4).
@!@!@ENDMSG 2268 @!@!@
@!@!@STARTMSG 2186:0 @!@!@
Finished in 1242ms at (2019-09-08 15:52:12)
@!@!@ENDMSG 2186 @!@!@
