@!@!@STARTMSG 2262:0 @!@!@
TLC2 Version 2.14 of 10 July 2019
@!@!@ENDMSG 2262 @!@!@
@!@!@STARTMSG 2187:0 @!@!@
Running breadth-first search Model-Checking with fp 36 and seed -7605166536089463451 with 4 workers on 8 cores with 1168MB heap and 2625MB offheap memory [pid: 30868] (Linux 4.15.0-1050-oem amd64, AdoptOpenJDK 11.0.3 x86_64, OffHeapDiskFPSet, DiskStateQueue).
@!@!@ENDMSG 2187 @!@!@
@!@!@STARTMSG 2220:0 @!@!@
Starting SANY...
@!@!@ENDMSG 2220 @!@!@
Parsing file /home/tom/work/practical-tla-plus-workspace/telephone.toolbox/Model_1/MC.tla
Parsing file /home/tom/work/practical-tla-plus-workspace/telephone.toolbox/Model_1/telephone.tla
Parsing file /home/tom/tla+ 1.6.0 toolbox/plugins/org.lamport.tlatools_1.0.0.201907102009/tla2sany/StandardModules/TLC.tla
Parsing file /home/tom/tla+ 1.6.0 toolbox/plugins/org.lamport.tlatools_1.0.0.201907102009/tla2sany/StandardModules/Sequences.tla
Parsing file /home/tom/tla+ 1.6.0 toolbox/plugins/org.lamport.tlatools_1.0.0.201907102009/tla2sany/StandardModules/Naturals.tla
Parsing file /home/tom/tla+ 1.6.0 toolbox/plugins/org.lamport.tlatools_1.0.0.201907102009/tla2sany/StandardModules/FiniteSets.tla
Semantic processing of module Naturals
Semantic processing of module Sequences
Semantic processing of module FiniteSets
Semantic processing of module TLC
Semantic processing of module telephone
Semantic processing of module MC
@!@!@STARTMSG 2219:0 @!@!@
SANY finished.
@!@!@ENDMSG 2219 @!@!@
@!@!@STARTMSG 2185:0 @!@!@
Starting... (2019-09-02 22:23:07)
@!@!@ENDMSG 2185 @!@!@
@!@!@STARTMSG 2189:0 @!@!@
Computing initial states...
@!@!@ENDMSG 2189 @!@!@
@!@!@STARTMSG 2190:0 @!@!@
Finished computing initial states: 1 distinct state generated at 2019-09-02 22:23:07.
@!@!@ENDMSG 2190 @!@!@
@!@!@STARTMSG 1000:1 @!@!@
TLC threw an unexpected exception.
This was probably caused by an error in the spec or model.
See the User Output or TLC Console for clues to what happened.
The exception was a tlc2.tool.EvalException
: @!@!@STARTMSG 2132:0 @!@!@
The first argument of Assert evaluated to FALSE; the second argument was:
"Failure of assertion at line 29, column 5."
@!@!@ENDMSG 2132 @!@!@
@!@!@ENDMSG 1000 @!@!@
@!@!@STARTMSG 2121:1 @!@!@
The behavior up to this point is:
@!@!@ENDMSG 2121 @!@!@
@!@!@STARTMSG 2217:4 @!@!@
1: <Initial predicate>
/\ in_transit = {}
/\ received = <<>>
/\ pc = "Lbl_1"
/\ to_send = <<1, 2, 3>>

@!@!@ENDMSG 2217 @!@!@
@!@!@STARTMSG 2217:4 @!@!@
2: <Lbl_1 line 42, col 10 to line 56, col 30 of module telephone>
/\ in_transit = {1}
/\ received = <<>>
/\ pc = "Lbl_1"
/\ to_send = <<2, 3>>

@!@!@ENDMSG 2217 @!@!@
@!@!@STARTMSG 2217:4 @!@!@
3: <Lbl_1 line 42, col 10 to line 56, col 30 of module telephone>
/\ in_transit = {1, 2}
/\ received = <<>>
/\ pc = "Lbl_1"
/\ to_send = <<3>>

@!@!@ENDMSG 2217 @!@!@
@!@!@STARTMSG 2217:4 @!@!@
4: <Lbl_1 line 42, col 10 to line 56, col 30 of module telephone>
/\ in_transit = {1, 2, 3}
/\ received = <<>>
/\ pc = "Lbl_2"
/\ to_send = <<>>

@!@!@ENDMSG 2217 @!@!@
@!@!@STARTMSG 2217:4 @!@!@
5: <Lbl_2 line 58, col 10 to line 63, col 29 of module telephone>
/\ in_transit = {1, 2}
/\ received = <<3>>
/\ pc = "Lbl_1"
/\ to_send = <<>>

@!@!@ENDMSG 2217 @!@!@
@!@!@STARTMSG 2217:4 @!@!@
6: <Lbl_1 line 42, col 10 to line 56, col 30 of module telephone>
/\ in_transit = {1, 2}
/\ received = <<3>>
/\ pc = "Lbl_2"
/\ to_send = <<>>

@!@!@ENDMSG 2217 @!@!@
@!@!@STARTMSG 2217:4 @!@!@
7: <Lbl_2 line 58, col 10 to line 63, col 29 of module telephone>
/\ in_transit = {2}
/\ received = <<3, 1>>
/\ pc = "Lbl_1"
/\ to_send = <<>>

@!@!@ENDMSG 2217 @!@!@
@!@!@STARTMSG 2217:4 @!@!@
8: <Lbl_1 line 42, col 10 to line 56, col 30 of module telephone>
/\ in_transit = {2}
/\ received = <<3, 1>>
/\ pc = "Lbl_2"
/\ to_send = <<>>

@!@!@ENDMSG 2217 @!@!@
@!@!@STARTMSG 2217:4 @!@!@
9: <Lbl_2 line 58, col 10 to line 63, col 29 of module telephone>
/\ in_transit = {}
/\ received = <<3, 1, 2>>
/\ pc = "Lbl_1"
/\ to_send = <<>>

@!@!@ENDMSG 2217 @!@!@
@!@!@STARTMSG 2103:1 @!@!@
The error occurred when TLC was evaluating the nested
expressions at the following positions:
0. Line 42, column 10 to line 56, column 30 in telephone
1. Line 42, column 13 to line 42, column 24 in telephone
2. Line 43, column 13 to line 55, column 58 in telephone
3. Line 52, column 21 to line 55, column 58 in telephone
4. Line 52, column 24 to line 53, column 75 in telephone


@!@!@ENDMSG 2103 @!@!@
@!@!@STARTMSG 2201:0 @!@!@
The coverage statistics at 2019-09-02 22:23:07
@!@!@ENDMSG 2201 @!@!@
@!@!@STARTMSG 2773:0 @!@!@
<Init line 36, col 1 to line 36, col 4 of module telephone>: 2:2
@!@!@ENDMSG 2773 @!@!@
@!@!@STARTMSG 2221:0 @!@!@
  line 37, col 9 to line 40, col 23 of module telephone: 2
@!@!@ENDMSG 2221 @!@!@
@!@!@STARTMSG 2772:0 @!@!@
<Lbl_1 line 42, col 1 to line 42, col 5 of module telephone>: 19:45
@!@!@ENDMSG 2772 @!@!@
@!@!@STARTMSG 2221:0 @!@!@
  line 42, col 13 to line 42, col 24 of module telephone: 68
@!@!@ENDMSG 2221 @!@!@
@!@!@STARTMSG 2221:0 @!@!@
  |line 42, col 13 to line 42, col 14 of module telephone: 45
@!@!@ENDMSG 2221 @!@!@
@!@!@STARTMSG 2221:0 @!@!@
  line 43, col 16 to line 43, col 33 of module telephone: 28
@!@!@ENDMSG 2221 @!@!@
@!@!@STARTMSG 2221:0 @!@!@
  line 44, col 27 to line 44, col 41 of module telephone: 22
@!@!@ENDMSG 2221 @!@!@
@!@!@STARTMSG 2221:0 @!@!@
  line 45, col 32 to line 46, col 58 of module telephone: 10
@!@!@ENDMSG 2221 @!@!@
@!@!@STARTMSG 2221:0 @!@!@
  line 47, col 35 to line 47, col 38 of module telephone: 12
@!@!@ENDMSG 2221 @!@!@
@!@!@STARTMSG 2221:0 @!@!@
  line 48, col 35 to line 48, col 69 of module telephone: 12
@!@!@ENDMSG 2221 @!@!@
@!@!@STARTMSG 2221:0 @!@!@
  line 49, col 24 to line 51, col 42 of module telephone: 22
@!@!@ENDMSG 2221 @!@!@
@!@!@STARTMSG 2221:0 @!@!@
  line 52, col 24 to line 53, col 75 of module telephone: 1
@!@!@ENDMSG 2221 @!@!@
@!@!@STARTMSG 2221:0 @!@!@
  |line 52, col 31 to line 52, col 52 of module telephone: 6
@!@!@ENDMSG 2221 @!@!@
@!@!@STARTMSG 2221:0 @!@!@
  line 54, col 24 to line 54, col 35 of module telephone: 1
@!@!@ENDMSG 2221 @!@!@
@!@!@STARTMSG 2221:0 @!@!@
  line 55, col 24 to line 55, col 58 of module telephone: 1
@!@!@ENDMSG 2221 @!@!@
@!@!@STARTMSG 2221:0 @!@!@
  line 56, col 13 to line 56, col 30 of module telephone: 45
@!@!@ENDMSG 2221 @!@!@
@!@!@STARTMSG 2772:0 @!@!@
<Lbl_2 line 58, col 1 to line 58, col 5 of module telephone>: 17:25
@!@!@ENDMSG 2772 @!@!@
@!@!@STARTMSG 2221:0 @!@!@
  line 58, col 13 to line 58, col 24 of module telephone: 51
@!@!@ENDMSG 2221 @!@!@
@!@!@STARTMSG 2221:0 @!@!@
  |line 58, col 13 to line 58, col 14 of module telephone: 35
@!@!@ENDMSG 2221 @!@!@
@!@!@STARTMSG 2221:0 @!@!@
  line 60, col 15 to line 61, col 49 of module telephone: 25
@!@!@ENDMSG 2221 @!@!@
@!@!@STARTMSG 2221:0 @!@!@
  line 59, col 24 to line 59, col 33 of module telephone: 16
@!@!@ENDMSG 2221 @!@!@
@!@!@STARTMSG 2221:0 @!@!@
  line 62, col 13 to line 62, col 25 of module telephone: 25
@!@!@ENDMSG 2221 @!@!@
@!@!@STARTMSG 2221:0 @!@!@
  line 63, col 13 to line 63, col 29 of module telephone: 25
@!@!@ENDMSG 2221 @!@!@
@!@!@STARTMSG 2772:0 @!@!@
<Terminating line 66, col 1 to line 66, col 11 of module telephone>: 0:1
@!@!@ENDMSG 2772 @!@!@
@!@!@STARTMSG 2221:0 @!@!@
  line 66, col 16 to line 66, col 26 of module telephone: 33
@!@!@ENDMSG 2221 @!@!@
@!@!@STARTMSG 2221:0 @!@!@
  |line 66, col 16 to line 66, col 17 of module telephone: 32
@!@!@ENDMSG 2221 @!@!@
@!@!@STARTMSG 2221:0 @!@!@
  line 66, col 31 to line 66, col 44 of module telephone: 1
@!@!@ENDMSG 2221 @!@!@
@!@!@STARTMSG 2202:0 @!@!@
End of statistics.
@!@!@ENDMSG 2202 @!@!@
@!@!@STARTMSG 2200:0 @!@!@
Progress(9) at 2019-09-02 22:23:07: 56 states generated (3,125 s/min), 37 distinct states found (2,065 ds/min), 1 states left on queue.
@!@!@ENDMSG 2200 @!@!@
@!@!@STARTMSG 2199:0 @!@!@
56 states generated, 37 distinct states found, 1 states left on queue.
@!@!@ENDMSG 2199 @!@!@
@!@!@STARTMSG 2186:0 @!@!@
Finished in 1077ms at (2019-09-02 22:23:07)
@!@!@ENDMSG 2186 @!@!@
