@!@!@STARTMSG 2262:0 @!@!@
TLC2 Version 2.14 of 10 July 2019
@!@!@ENDMSG 2262 @!@!@
@!@!@STARTMSG 2187:0 @!@!@
Running breadth-first search Model-Checking with fp 123 and seed -6468113630566582739 with 4 workers on 8 cores with 1168MB heap and 2625MB offheap memory [pid: 31202] (Linux 4.15.0-1050-oem amd64, AdoptOpenJDK 11.0.3 x86_64, OffHeapDiskFPSet, DiskStateQueue).
@!@!@ENDMSG 2187 @!@!@
@!@!@STARTMSG 2220:0 @!@!@
Starting SANY...
@!@!@ENDMSG 2220 @!@!@
Parsing file /home/tom/work/practical-tla-plus-workspace/cache.toolbox/Model_1/MC.tla
Parsing file /home/tom/work/practical-tla-plus-workspace/cache.toolbox/Model_1/cache.tla
Parsing file /home/tom/tla+ 1.6.0 toolbox/plugins/org.lamport.tlatools_1.0.0.201907102009/tla2sany/StandardModules/TLC.tla
Parsing file /home/tom/tla+ 1.6.0 toolbox/plugins/org.lamport.tlatools_1.0.0.201907102009/tla2sany/StandardModules/Integers.tla
Parsing file /home/tom/tla+ 1.6.0 toolbox/plugins/org.lamport.tlatools_1.0.0.201907102009/tla2sany/StandardModules/Naturals.tla
Parsing file /home/tom/tla+ 1.6.0 toolbox/plugins/org.lamport.tlatools_1.0.0.201907102009/tla2sany/StandardModules/Sequences.tla
Parsing file /home/tom/tla+ 1.6.0 toolbox/plugins/org.lamport.tlatools_1.0.0.201907102009/tla2sany/StandardModules/FiniteSets.tla
Semantic processing of module Naturals
Semantic processing of module Integers
Semantic processing of module cache
Semantic processing of module Sequences
Semantic processing of module FiniteSets
Semantic processing of module TLC
Semantic processing of module MC
@!@!@STARTMSG 2219:0 @!@!@
SANY finished.
@!@!@ENDMSG 2219 @!@!@
@!@!@STARTMSG 2185:0 @!@!@
Starting... (2019-09-12 10:47:58)
@!@!@ENDMSG 2185 @!@!@
@!@!@STARTMSG 2189:0 @!@!@
Computing initial states...
@!@!@ENDMSG 2189 @!@!@
@!@!@STARTMSG 2269:0 @!@!@
Computed 2 initial states...
@!@!@ENDMSG 2269 @!@!@
@!@!@STARTMSG 2190:0 @!@!@
Finished computing initial states: 4 distinct states generated at 2019-09-12 10:47:59.
@!@!@ENDMSG 2190 @!@!@
@!@!@STARTMSG 2110:1 @!@!@
Invariant ResourceInvariant is violated.
@!@!@ENDMSG 2110 @!@!@
@!@!@STARTMSG 2121:1 @!@!@
The behavior up to this point is:
@!@!@ENDMSG 2121 @!@!@
@!@!@STARTMSG 2217:4 @!@!@
1: <Initial predicate>
/\ resources_left = 6
/\ pc = (a1 :> "WaitForResources" @@ a2 :> "WaitForResources" @@ "time" :> "Tick")
/\ resources_needed = (a1 :> 2 @@ a2 :> 1)

@!@!@ENDMSG 2217 @!@!@
@!@!@STARTMSG 2217:4 @!@!@
2: <WaitForResources line 61, col 27 to line 64, col 77 of module cache>
/\ resources_left = 6
/\ pc = (a1 :> "UseResources" @@ a2 :> "WaitForResources" @@ "time" :> "Tick")
/\ resources_needed = (a1 :> 2 @@ a2 :> 1)

@!@!@ENDMSG 2217 @!@!@
@!@!@STARTMSG 2217:4 @!@!@
3: <UseResources line 66, col 23 to line 74, col 60 of module cache>
/\ resources_left = 5
/\ pc = (a1 :> "UseResources" @@ a2 :> "WaitForResources" @@ "time" :> "Tick")
/\ resources_needed = (a1 :> 1 @@ a2 :> 1)

@!@!@ENDMSG 2217 @!@!@
@!@!@STARTMSG 2217:4 @!@!@
4: <UseResources line 66, col 23 to line 74, col 60 of module cache>
/\ resources_left = 4
/\ pc = (a1 :> "UseResources" @@ a2 :> "WaitForResources" @@ "time" :> "Tick")
/\ resources_needed = (a1 :> 0 @@ a2 :> 1)

@!@!@ENDMSG 2217 @!@!@
@!@!@STARTMSG 2217:4 @!@!@
5: <UseResources line 66, col 23 to line 74, col 60 of module cache>
/\ resources_left = 4
/\ pc = (a1 :> "WaitForResources" @@ a2 :> "WaitForResources" @@ "time" :> "Tick")
/\ resources_needed = (a1 :> 2 @@ a2 :> 1)

@!@!@ENDMSG 2217 @!@!@
@!@!@STARTMSG 2217:4 @!@!@
6: <WaitForResources line 61, col 27 to line 64, col 77 of module cache>
/\ resources_left = 4
/\ pc = (a1 :> "UseResources" @@ a2 :> "WaitForResources" @@ "time" :> "Tick")
/\ resources_needed = (a1 :> 2 @@ a2 :> 1)

@!@!@ENDMSG 2217 @!@!@
@!@!@STARTMSG 2217:4 @!@!@
7: <UseResources line 66, col 23 to line 74, col 60 of module cache>
/\ resources_left = 3
/\ pc = (a1 :> "UseResources" @@ a2 :> "WaitForResources" @@ "time" :> "Tick")
/\ resources_needed = (a1 :> 1 @@ a2 :> 1)

@!@!@ENDMSG 2217 @!@!@
@!@!@STARTMSG 2217:4 @!@!@
8: <UseResources line 66, col 23 to line 74, col 60 of module cache>
/\ resources_left = 2
/\ pc = (a1 :> "UseResources" @@ a2 :> "WaitForResources" @@ "time" :> "Tick")
/\ resources_needed = (a1 :> 0 @@ a2 :> 1)

@!@!@ENDMSG 2217 @!@!@
@!@!@STARTMSG 2217:4 @!@!@
9: <UseResources line 66, col 23 to line 74, col 60 of module cache>
/\ resources_left = 2
/\ pc = (a1 :> "WaitForResources" @@ a2 :> "WaitForResources" @@ "time" :> "Tick")
/\ resources_needed = (a1 :> 2 @@ a2 :> 1)

@!@!@ENDMSG 2217 @!@!@
@!@!@STARTMSG 2217:4 @!@!@
10: <WaitForResources line 61, col 27 to line 64, col 77 of module cache>
/\ resources_left = 2
/\ pc = (a1 :> "UseResources" @@ a2 :> "WaitForResources" @@ "time" :> "Tick")
/\ resources_needed = (a1 :> 2 @@ a2 :> 1)

@!@!@ENDMSG 2217 @!@!@
@!@!@STARTMSG 2217:4 @!@!@
11: <WaitForResources line 61, col 27 to line 64, col 77 of module cache>
/\ resources_left = 2
/\ pc = (a1 :> "UseResources" @@ a2 :> "UseResources" @@ "time" :> "Tick")
/\ resources_needed = (a1 :> 2 @@ a2 :> 1)

@!@!@ENDMSG 2217 @!@!@
@!@!@STARTMSG 2217:4 @!@!@
12: <UseResources line 66, col 23 to line 74, col 60 of module cache>
/\ resources_left = 1
/\ pc = (a1 :> "UseResources" @@ a2 :> "UseResources" @@ "time" :> "Tick")
/\ resources_needed = (a1 :> 1 @@ a2 :> 1)

@!@!@ENDMSG 2217 @!@!@
@!@!@STARTMSG 2217:4 @!@!@
13: <UseResources line 66, col 23 to line 74, col 60 of module cache>
/\ resources_left = 0
/\ pc = (a1 :> "UseResources" @@ a2 :> "UseResources" @@ "time" :> "Tick")
/\ resources_needed = (a1 :> 1 @@ a2 :> 0)

@!@!@ENDMSG 2217 @!@!@
@!@!@STARTMSG 2217:4 @!@!@
14: <UseResources line 66, col 23 to line 74, col 60 of module cache>
/\ resources_left = -1
/\ pc = (a1 :> "UseResources" @@ a2 :> "UseResources" @@ "time" :> "Tick")
/\ resources_needed = (a1 :> 0 @@ a2 :> 0)

@!@!@ENDMSG 2217 @!@!@
@!@!@STARTMSG 2201:0 @!@!@
The coverage statistics at 2019-09-12 10:47:59
@!@!@ENDMSG 2201 @!@!@
@!@!@STARTMSG 2773:0 @!@!@
<Init line 54, col 1 to line 54, col 4 of module cache>: 8:8
@!@!@ENDMSG 2773 @!@!@
@!@!@STARTMSG 2221:0 @!@!@
  line 55, col 12 to line 55, col 39 of module cache: 2
@!@!@ENDMSG 2221 @!@!@
@!@!@STARTMSG 2221:0 @!@!@
  line 57, col 12 to line 57, col 61 of module cache: 2
@!@!@ENDMSG 2221 @!@!@
@!@!@STARTMSG 2221:0 @!@!@
  line 58, col 12 to line 59, col 67 of module cache: 8
@!@!@ENDMSG 2221 @!@!@
@!@!@STARTMSG 2772:0 @!@!@
<WaitForResources line 61, col 1 to line 61, col 22 of module cache>: 47:114
@!@!@ENDMSG 2772 @!@!@
@!@!@STARTMSG 2221:0 @!@!@
  line 61, col 30 to line 61, col 58 of module cache: 455
@!@!@ENDMSG 2221 @!@!@
@!@!@STARTMSG 2221:0 @!@!@
  |line 61, col 30 to line 61, col 37 of module cache: 341
@!@!@ENDMSG 2221 @!@!@
@!@!@STARTMSG 2221:0 @!@!@
  line 62, col 30 to line 62, col 69 of module cache: 114
@!@!@ENDMSG 2221 @!@!@
@!@!@STARTMSG 2221:0 @!@!@
  |line 62, col 30 to line 62, col 43 of module cache: 138
@!@!@ENDMSG 2221 @!@!@
@!@!@STARTMSG 2221:0 @!@!@
  |line 62, col 48 to line 62, col 69 of module cache: 138
@!@!@ENDMSG 2221 @!@!@
@!@!@STARTMSG 2221:0 @!@!@
  line 63, col 30 to line 63, col 71 of module cache: 114
@!@!@ENDMSG 2221 @!@!@
@!@!@STARTMSG 2221:0 @!@!@
  line 64, col 30 to line 64, col 77 of module cache: 114
@!@!@ENDMSG 2221 @!@!@
@!@!@STARTMSG 2772:0 @!@!@
<UseResources line 66, col 1 to line 66, col 18 of module cache>: 116:273
@!@!@ENDMSG 2772 @!@!@
@!@!@STARTMSG 2221:0 @!@!@
  line 66, col 26 to line 66, col 50 of module cache: 540
@!@!@ENDMSG 2221 @!@!@
@!@!@STARTMSG 2221:0 @!@!@
  |line 66, col 26 to line 66, col 33 of module cache: 337
@!@!@ENDMSG 2221 @!@!@
@!@!@STARTMSG 2221:0 @!@!@
  line 67, col 29 to line 67, col 54 of module cache: 203
@!@!@ENDMSG 2221 @!@!@
@!@!@STARTMSG 2221:0 @!@!@
  line 68, col 34 to line 70, col 78 of module cache: 133
@!@!@ENDMSG 2221 @!@!@
@!@!@STARTMSG 2221:0 @!@!@
  line 72, col 39 to line 72, col 95 of module cache: 140
@!@!@ENDMSG 2221 @!@!@
@!@!@STARTMSG 2221:0 @!@!@
  line 71, col 46 to line 71, col 62 of module cache: 70
@!@!@ENDMSG 2221 @!@!@
@!@!@STARTMSG 2221:0 @!@!@
  line 73, col 37 to line 73, col 82 of module cache: 140
@!@!@ENDMSG 2221 @!@!@
@!@!@STARTMSG 2221:0 @!@!@
  line 74, col 37 to line 74, col 60 of module cache: 140
@!@!@ENDMSG 2221 @!@!@
@!@!@STARTMSG 2772:0 @!@!@
<Tick line 78, col 1 to line 78, col 4 of module cache>: 6:177
@!@!@ENDMSG 2772 @!@!@
@!@!@STARTMSG 2221:0 @!@!@
  line 78, col 12 to line 78, col 30 of module cache: 354
@!@!@ENDMSG 2221 @!@!@
@!@!@STARTMSG 2221:0 @!@!@
  |line 78, col 12 to line 78, col 21 of module cache: 177
@!@!@ENDMSG 2221 @!@!@
@!@!@STARTMSG 2221:0 @!@!@
  line 79, col 12 to line 79, col 40 of module cache: 177
@!@!@ENDMSG 2221 @!@!@
@!@!@STARTMSG 2221:0 @!@!@
  line 80, col 12 to line 80, col 47 of module cache: 177
@!@!@ENDMSG 2221 @!@!@
@!@!@STARTMSG 2221:0 @!@!@
  line 81, col 12 to line 81, col 37 of module cache: 177
@!@!@ENDMSG 2221 @!@!@
@!@!@STARTMSG 2774:0 @!@!@
<ResourceInvariant line 46, col 1 to line 46, col 17 of module cache>
@!@!@ENDMSG 2774 @!@!@
@!@!@STARTMSG 2221:0 @!@!@
  line 46, col 22 to line 46, col 40 of module cache: 173
@!@!@ENDMSG 2221 @!@!@
@!@!@STARTMSG 2202:0 @!@!@
End of statistics.
@!@!@ENDMSG 2202 @!@!@
@!@!@STARTMSG 2200:0 @!@!@
Progress(15) at 2019-09-12 10:47:59: 538 states generated (25,179 s/min), 173 distinct states found (8,096 ds/min), 5 states left on queue.
@!@!@ENDMSG 2200 @!@!@
@!@!@STARTMSG 2199:0 @!@!@
538 states generated, 173 distinct states found, 5 states left on queue.
@!@!@ENDMSG 2199 @!@!@
@!@!@STARTMSG 2194:0 @!@!@
The depth of the complete state graph search is 15.
@!@!@ENDMSG 2194 @!@!@
@!@!@STARTMSG 2268:0 @!@!@
The average outdegree of the complete state graph is 1 (minimum is 0, the maximum 3 and the 95th percentile is 2).
@!@!@ENDMSG 2268 @!@!@
@!@!@STARTMSG 2186:0 @!@!@
Finished in 1287ms at (2019-09-12 10:47:59)
@!@!@ENDMSG 2186 @!@!@
